
Session Start: Fri Nov 28 02:20:08 2025
* Logging #regenesis to '#regenesis.log'
[02:21] <oneman> ok we are a git log hub gmail youtube stream uh and so shall we be so long as we can etc yay that is what we are doing here a sort of oneman community guideline
[02:22] <oneman> America First Super Intelligence ELI5 Live 47 Executive Order 14363 in ASCII
[02:52] <oneman> alpha, bravo, charlie, delta, echo, foxtrot, golf, hotel,india, juliet, kilo,
[02:52] <oneman> lima, mike, november, oscar, papa, quebec, romeo, sierra, tango, uniform,
[02:52] <oneman> victor, whiskey, xray, yankee, zulu
[03:39] <oneman> https://gist.githubusercontent.com/oneman/188599097c0ae072602f0421ac3a0c7f/raw/657799ce8d3a4eadaa40d2e7bace8342fdc8b9f7/gistfile1.txt
[03:45] <oneman> become Sec 2b political appointee
[05:18] <oneman> maybe not
[05:18] <oneman> hehe
[05:22] <oneman> Supercritical Rebasis
[08:28] <oneman> https://onlinegdb.com/fGUG__oYQ
[09:20] <oneman> Fri Nov 28 09:20:15 2025
[09:20] <oneman> 1764339615
[09:23] <oneman> - 1329955200
[09:25] <oneman> 1wtf
[09:26] <oneman> 15393 * 86400 = 1329955200
[09:26] <oneman> 1wtf ok
[09:27] <oneman> thats how many days and seconds i had to do whatever i did to get whatever work done or not or total activity time
[20:12] <oneman> check

Session Time: Sat Nov 29 00:00:00 2025


Session Time: Sun Nov 30 00:00:00 2025

[05:44] <oneman> send
[06:52] <oneman> sent
[14:11] <oneman> cool
